/Users/patrickbrycemooney/Library/Python/3.9/lib/python/site-packages/sklearn/utils/extmath.py:547: RuntimeWarning: divide by zero encountered in matmul
  U = Q @ Uhat
/Users/patrickbrycemooney/Library/Python/3.9/lib/python/site-packages/sklearn/utils/extmath.py:547: RuntimeWarning: overflow encountered in matmul
  U = Q @ Uhat
/Users/patrickbrycemooney/Library/Python/3.9/lib/python/site-packages/sklearn/utils/extmath.py:547: RuntimeWarning: invalid value encountered in matmul
  U = Q @ Uhat
============================================================
ATHENA GLOBAL DEFENSE SYSTEM
Empowering all workers | Ensuring global safety | 100% benevolent
============================================================

Initializing Athena Defense System...
Initialized 16000 mainframes
Initialized 1 thinktanks

System Status:
  Mainframes: 16000
  Thinktanks: 1
  Sectors: 19
  Data Registry: 0 entries

Activating defense protocols...
Running Athena defense protocols...
ThinkTank on mainframe-0000 activated with security level TOP_SECRET
ThinkTank on mainframe-0492 activated with security level SECRET
Running sector app: Athena-agriculture
ThinkTank on mainframe-0935 activated with security level SECRET
Running sector app: Athena-forestry
ThinkTank on mainframe-0625 activated with security level SECRET
Running sector app: Athena-fishing
ThinkTank on mainframe-0483 activated with security level SECRET
Running sector app: Athena-mining
ThinkTank on mainframe-0745 activated with security level SECRET
Running sector app: Athena-manufacturing
ThinkTank on mainframe-0504 activated with security level SECRET
Running sector app: Athena-utilities
ThinkTank on mainframe-0341 activated with security level SECRET
Running sector app: Athena-construction
ThinkTank on mainframe-0964 activated with security level SECRET
Running sector app: Athena-wholesale
ThinkTank on mainframe-0947 activated with security level SECRET
Running sector app: Athena-transportation
ThinkTank on mainframe-0879 activated with security level SECRET
Running sector app: Athena-hospitality
ThinkTank on mainframe-0804 activated with security level SECRET
Running sector app: Athena-information
ThinkTank on mainframe-0708 activated with security level SECRET
Running sector app: Athena-finance
ThinkTank on mainframe-0865 activated with security level SECRET
Running sector app: Athena-professional
ThinkTank on mainframe-0297 activated with security level SECRET
Running sector app: Athena-public
ThinkTank on mainframe-0931 activated with security level SECRET
Running sector app: Athena-education
ThinkTank on mainframe-0236 activated with security level SECRET
Running sector app: Athena-healthcare
ThinkTank on mainframe-0487 activated with security level SECRET
Running sector app: Athena-arts
ThinkTank on mainframe-0750 activated with security level SECRET
Running sector app: Athena-other_services
ThinkTank on mainframe-master activated with security level TOP_SECRET
Running sector app: Athena-Master
Defense protocols active on all sectors!

Starting global data collection...
Starting global data collection...
Collecting data from Agriculture...
Collecting data from Forestry...
Collecting data from Fishing...
Collecting data from Mining...
Collecting data from Manufacturing...
Collecting data from Utilities...
Collecting data from Construction...
Collecting data from Wholesale...
Collecting data from Transportation...
Collecting data from Hospitality...
Collecting data from Information...
Collecting data from Finance...
Collecting data from Professional...
Collecting data from Public...
Collecting data from Education...
Collecting data from Healthcare...
Collecting data from Arts...
Collecting data from Other Services...
Collecting data from Master...
Processing collected data...
Storing data on mainframes...
Global data collection complete!

Generating pure data from thinktanks...

Final Statistics:
  Data Registry Size: 406
  Compression Ratio: 34.48%
  Mainframes Utilized: 100 (sample)

============================================================
ATHENA SYSTEM ACTIVE AND PROTECTING GLOBAL WORKFORCE
============================================================
